[2019-08-31T04:26:00.137Z] info Time: Sat Aug 31 2019 09:26:00 GMT+0500 (GMT+05:00)
[2019-08-31T04:26:00.138Z] info Launched in: 1457 ms
[2019-08-31T04:26:00.138Z] info Environment: development
[2019-08-31T04:26:00.138Z] info Process PID: 10830
[2019-08-31T04:26:00.138Z] info Version: 3.0.0-beta.15 (node v10.16.3)
[2019-08-31T04:26:00.138Z] info To shut down your server, press <CTRL> + C at any time

[2019-08-31T04:26:00.139Z] info ☄️  Admin panel: http://localhost:1337/admin
[2019-08-31T04:26:00.139Z] info ⚡️ Server: http://localhost:1337

[2019-08-31T04:26:00.141Z] info File changed: /home/max/projects/api/nohup.out
[2019-08-31T04:26:00.144Z] info The server is restarting

[2019-08-31T04:26:01.852Z] info Time: Sat Aug 31 2019 09:26:01 GMT+0500 (GMT+05:00)
[2019-08-31T04:26:01.852Z] info Launched in: 1359 ms
[2019-08-31T04:26:01.853Z] info Environment: development
[2019-08-31T04:26:01.853Z] info Process PID: 10851
[2019-08-31T04:26:01.853Z] info Version: 3.0.0-beta.15 (node v10.16.3)
[2019-08-31T04:26:01.853Z] info To shut down your server, press <CTRL> + C at any time

[2019-08-31T04:26:01.853Z] info ☄️  Admin panel: http://localhost:1337/admin
[2019-08-31T04:26:01.853Z] info ⚡️ Server: http://localhost:1337

[2019-08-31T04:26:01.855Z] info File changed: /home/max/projects/api/nohup.out
[2019-08-31T04:26:01.856Z] info The server is restarting

[2019-08-31T04:26:03.546Z] info Time: Sat Aug 31 2019 09:26:03 GMT+0500 (GMT+05:00)
[2019-08-31T04:26:03.546Z] info Launched in: 1345 ms
[2019-08-31T04:26:03.547Z] info Environment: development
[2019-08-31T04:26:03.547Z] info Process PID: 10905
[2019-08-31T04:26:03.547Z] info Version: 3.0.0-beta.15 (node v10.16.3)
[2019-08-31T04:26:03.547Z] info To shut down your server, press <CTRL> + C at any time

[2019-08-31T04:26:03.547Z] info ☄️  Admin panel: http://localhost:1337/admin
[2019-08-31T04:26:03.547Z] info ⚡️ Server: http://localhost:1337

[2019-08-31T04:26:03.550Z] info File changed: /home/max/projects/api/nohup.out
[2019-08-31T04:26:03.550Z] info The server is restarting

[2019-08-31T04:26:05.231Z] info Time: Sat Aug 31 2019 09:26:05 GMT+0500 (GMT+05:00)
[2019-08-31T04:26:05.232Z] info Launched in: 1340 ms
[2019-08-31T04:26:05.232Z] info Environment: development
[2019-08-31T04:26:05.232Z] info Process PID: 10926
[2019-08-31T04:26:05.232Z] info Version: 3.0.0-beta.15 (node v10.16.3)
[2019-08-31T04:26:05.232Z] info To shut down your server, press <CTRL> + C at any time

[2019-08-31T04:26:05.232Z] info ☄️  Admin panel: http://localhost:1337/admin
[2019-08-31T04:26:05.232Z] info ⚡️ Server: http://localhost:1337

[2019-08-31T04:26:05.234Z] info File changed: /home/max/projects/api/nohup.out
[2019-08-31T04:26:05.235Z] info The server is restarting

[2019-08-31T04:26:06.931Z] info Time: Sat Aug 31 2019 09:26:06 GMT+0500 (GMT+05:00)
[2019-08-31T04:26:06.932Z] info Launched in: 1351 ms
[2019-08-31T04:26:06.932Z] info Environment: development
[2019-08-31T04:26:06.932Z] info Process PID: 10947
[2019-08-31T04:26:06.932Z] info Version: 3.0.0-beta.15 (node v10.16.3)
[2019-08-31T04:26:06.932Z] info To shut down your server, press <CTRL> + C at any time

[2019-08-31T04:26:06.932Z] info ☄️  Admin panel: http://localhost:1337/admin
[2019-08-31T04:26:06.932Z] info ⚡️ Server: http://localhost:1337

[2019-08-31T04:26:06.935Z] info File changed: /home/max/projects/api/nohup.out
[2019-08-31T04:26:06.935Z] info The server is restarting

[2019-08-31T04:26:08.661Z] info Time: Sat Aug 31 2019 09:26:08 GMT+0500 (GMT+05:00)
[2019-08-31T04:26:08.662Z] info Launched in: 1382 ms
[2019-08-31T04:26:08.662Z] info Environment: development
[2019-08-31T04:26:08.662Z] info Process PID: 10968
[2019-08-31T04:26:08.662Z] info Version: 3.0.0-beta.15 (node v10.16.3)
[2019-08-31T04:26:08.662Z] info To shut down your server, press <CTRL> + C at any time

[2019-08-31T04:26:08.662Z] info ☄️  Admin panel: http://localhost:1337/admin
[2019-08-31T04:26:08.662Z] info ⚡️ Server: http://localhost:1337

[2019-08-31T04:26:08.665Z] info File changed: /home/max/projects/api/nohup.out
[2019-08-31T04:26:08.666Z] info The server is restarting

[2019-08-31T04:26:10.377Z] info Time: Sat Aug 31 2019 09:26:10 GMT+0500 (GMT+05:00)
[2019-08-31T04:26:10.377Z] info Launched in: 1363 ms
[2019-08-31T04:26:10.377Z] info Environment: development
[2019-08-31T04:26:10.377Z] info Process PID: 10989
[2019-08-31T04:26:10.378Z] info Version: 3.0.0-beta.15 (node v10.16.3)
[2019-08-31T04:26:10.378Z] info To shut down your server, press <CTRL> + C at any time

[2019-08-31T04:26:10.378Z] info ☄️  Admin panel: http://localhost:1337/admin
[2019-08-31T04:26:10.378Z] info ⚡️ Server: http://localhost:1337

[2019-08-31T04:26:10.381Z] info File changed: /home/max/projects/api/nohup.out
[2019-08-31T04:26:10.381Z] info The server is restarting

[2019-08-31T04:26:12.122Z] info Time: Sat Aug 31 2019 09:26:12 GMT+0500 (GMT+05:00)
[2019-08-31T04:26:12.123Z] info Launched in: 1408 ms
[2019-08-31T04:26:12.123Z] info Environment: development
[2019-08-31T04:26:12.123Z] info Process PID: 11010
[2019-08-31T04:26:12.123Z] info Version: 3.0.0-beta.15 (node v10.16.3)
[2019-08-31T04:26:12.123Z] info To shut down your server, press <CTRL> + C at any time

[2019-08-31T04:26:12.123Z] info ☄️  Admin panel: http://localhost:1337/admin
[2019-08-31T04:26:12.123Z] info ⚡️ Server: http://localhost:1337

[2019-08-31T04:26:12.126Z] info File changed: /home/max/projects/api/nohup.out
[2019-08-31T04:26:12.126Z] info The server is restarting

[2019-08-31T04:26:13.845Z] info Time: Sat Aug 31 2019 09:26:13 GMT+0500 (GMT+05:00)
[2019-08-31T04:26:13.845Z] info Launched in: 1374 ms
[2019-08-31T04:26:13.845Z] info Environment: development
[2019-08-31T04:26:13.845Z] info Process PID: 11050
[2019-08-31T04:26:13.845Z] info Version: 3.0.0-beta.15 (node v10.16.3)
[2019-08-31T04:26:13.846Z] info To shut down your server, press <CTRL> + C at any time

[2019-08-31T04:26:13.846Z] info ☄️  Admin panel: http://localhost:1337/admin
[2019-08-31T04:26:13.846Z] info ⚡️ Server: http://localhost:1337

[2019-08-31T04:26:13.849Z] info File changed: /home/max/projects/api/nohup.out
[2019-08-31T04:26:13.849Z] info The server is restarting

[2019-08-31T04:26:15.551Z] info Time: Sat Aug 31 2019 09:26:15 GMT+0500 (GMT+05:00)
[2019-08-31T04:26:15.551Z] info Launched in: 1353 ms
[2019-08-31T04:26:15.551Z] info Environment: development
[2019-08-31T04:26:15.551Z] info Process PID: 11071
[2019-08-31T04:26:15.551Z] info Version: 3.0.0-beta.15 (node v10.16.3)
[2019-08-31T04:26:15.551Z] info To shut down your server, press <CTRL> + C at any time

[2019-08-31T04:26:15.552Z] info ☄️  Admin panel: http://localhost:1337/admin
[2019-08-31T04:26:15.552Z] info ⚡️ Server: http://localhost:1337

[2019-08-31T04:26:15.554Z] info File changed: /home/max/projects/api/nohup.out
[2019-08-31T04:26:15.555Z] info The server is restarting

[2019-08-31T04:26:17.258Z] info Time: Sat Aug 31 2019 09:26:17 GMT+0500 (GMT+05:00)
[2019-08-31T04:26:17.259Z] info Launched in: 1363 ms
[2019-08-31T04:26:17.259Z] info Environment: development
[2019-08-31T04:26:17.259Z] info Process PID: 11092
[2019-08-31T04:26:17.259Z] info Version: 3.0.0-beta.15 (node v10.16.3)
[2019-08-31T04:26:17.259Z] info To shut down your server, press <CTRL> + C at any time

[2019-08-31T04:26:17.260Z] info ☄️  Admin panel: http://localhost:1337/admin
[2019-08-31T04:26:17.260Z] info ⚡️ Server: http://localhost:1337

[2019-08-31T04:26:17.262Z] info File changed: /home/max/projects/api/nohup.out
[2019-08-31T04:26:17.262Z] info The server is restarting

[2019-08-31T04:26:18.989Z] info Time: Sat Aug 31 2019 09:26:18 GMT+0500 (GMT+05:00)
[2019-08-31T04:26:18.990Z] info Launched in: 1381 ms
[2019-08-31T04:26:18.990Z] info Environment: development
[2019-08-31T04:26:18.990Z] info Process PID: 11113
[2019-08-31T04:26:18.990Z] info Version: 3.0.0-beta.15 (node v10.16.3)
[2019-08-31T04:26:18.990Z] info To shut down your server, press <CTRL> + C at any time

[2019-08-31T04:26:18.991Z] info ☄️  Admin panel: http://localhost:1337/admin
[2019-08-31T04:26:18.991Z] info ⚡️ Server: http://localhost:1337

[2019-08-31T04:26:18.993Z] info File changed: /home/max/projects/api/nohup.out
[2019-08-31T04:26:18.993Z] info The server is restarting

[2019-08-31T04:26:20.766Z] info Time: Sat Aug 31 2019 09:26:20 GMT+0500 (GMT+05:00)
[2019-08-31T04:26:20.766Z] info Launched in: 1419 ms
[2019-08-31T04:26:20.766Z] info Environment: development
[2019-08-31T04:26:20.767Z] info Process PID: 11134
[2019-08-31T04:26:20.767Z] info Version: 3.0.0-beta.15 (node v10.16.3)
[2019-08-31T04:26:20.767Z] info To shut down your server, press <CTRL> + C at any time

[2019-08-31T04:26:20.767Z] info ☄️  Admin panel: http://localhost:1337/admin
[2019-08-31T04:26:20.767Z] info ⚡️ Server: http://localhost:1337

[2019-08-31T04:26:20.770Z] info File changed: /home/max/projects/api/nohup.out
[2019-08-31T04:26:20.770Z] info The server is restarting

